<?xml version="1.0" encoding="UTF-8"?>
<testng-results skipped="2" failed="1" total="3" passed="0">
  <reporter-output>
  </reporter-output>
  <suite name="Test HB Suite" duration-ms="142551" started-at="2017-10-11T00:30:22Z" finished-at="2017-10-11T00:32:44Z">
    <groups>
      <group name="VoiceACD_Transfer_ClassLevel">
        <method signature="Test_VoiceACD_Transfer.VoiceACD_BTransfer_ToExt_SameGroup_byName(int, int, int, int, int)[pri:0, instance:Thread[Thread-3,5,main]]" name="VoiceACD_BTransfer_ToExt_SameGroup_byName" class="HBTestesNG.TestCases.Test_VoiceACD_Transfer"/>
        <method signature="Test_VoiceACD_Transfer.VoiceACD_CTransfer_ToExt_DifferentGroup(int, int, int, int)[pri:0, instance:Thread[Thread-3,5,main]]" name="VoiceACD_CTransfer_ToExt_DifferentGroup" class="HBTestesNG.TestCases.Test_VoiceACD_Transfer"/>
        <method signature="Test_VoiceACD_Transfer.VoiceACD_CTransfer_ToExt_SameGroup(int, int, int, int, int)[pri:0, instance:Thread[Thread-3,5,main]]" name="VoiceACD_CTransfer_ToExt_SameGroup" class="HBTestesNG.TestCases.Test_VoiceACD_Transfer"/>
      </group> <!-- VoiceACD_Transfer_ClassLevel -->
    </groups>
    <test name="VoiceACD Scenarios" duration-ms="142551" started-at="2017-10-11T00:30:22Z" finished-at="2017-10-11T00:32:44Z">
      <class name="HBTestesNG.TestCases.Test_Initiate">
        <test-method status="PASS" signature="beforeSuite()[pri:0, instance:Thread[Thread-0,5,main]]" name="beforeSuite" is-config="true" duration-ms="107322" started-at="2017-10-10T17:28:34Z" finished-at="2017-10-10T17:30:22Z">
          <reporter-output>
          </reporter-output>
        </test-method> <!-- beforeSuite -->
        <test-method status="PASS" signature="afterSuite()[pri:0, instance:Thread[Thread-0,5,main]]" name="afterSuite" is-config="true" duration-ms="35545" started-at="2017-10-10T17:32:44Z" finished-at="2017-10-10T17:33:20Z">
          <reporter-output>
          </reporter-output>
        </test-method> <!-- afterSuite -->
      </class> <!-- HBTestesNG.TestCases.Test_Initiate -->
      <class name="HBTestesNG.TestCases.Test_VoiceACD_Transfer">
        <test-method status="PASS" signature="beforeClass()[pri:0, instance:Thread[Thread-3,5,main]]" name="beforeClass" is-config="true" duration-ms="1" started-at="2017-10-10T17:30:22Z" finished-at="2017-10-10T17:30:22Z">
          <reporter-output>
          </reporter-output>
        </test-method> <!-- beforeClass -->
        <test-method status="SKIP" signature="VoiceACD_CTransfer_ToExt_SameGroup(int, int, int, int, int)[pri:0, instance:Thread[Thread-3,5,main]]" name="VoiceACD_CTransfer_ToExt_SameGroup" duration-ms="4" started-at="2017-10-10T17:30:22Z" finished-at="2017-10-10T17:30:22Z">
          <params>
            <param index="0">
              <value>
                <![CDATA[10]]>
              </value>
            </param>
            <param index="1">
              <value>
                <![CDATA[10]]>
              </value>
            </param>
            <param index="2">
              <value>
                <![CDATA[10]]>
              </value>
            </param>
            <param index="3">
              <value>
                <![CDATA[10]]>
              </value>
            </param>
            <param index="4">
              <value>
                <![CDATA[10]]>
              </value>
            </param>
          </params>
          <exception class="org.testng.SkipException">
            <message>
              <![CDATA[Defect:UCC-1642]]>
            </message>
            <full-stacktrace>
              <![CDATA[org.testng.SkipException: Defect:UCC-1642
	at HBTestesNG.BaseObjects.TestCaseObject.skipTest(TestCaseObject.java:434)
	at HBTestesNG.TestCases.Test_VoiceACD_Transfer.VoiceACD_CTransfer_ToExt_SameGroup(Test_VoiceACD_Transfer.java:325)
	at sun.reflect.NativeMethodAccessorImpl.invoke0(Native Method)
	at sun.reflect.NativeMethodAccessorImpl.invoke(Unknown Source)
	at sun.reflect.DelegatingMethodAccessorImpl.invoke(Unknown Source)
	at java.lang.reflect.Method.invoke(Unknown Source)
	at org.testng.internal.MethodInvocationHelper.invokeMethod(MethodInvocationHelper.java:85)
	at org.testng.internal.Invoker.invokeMethod(Invoker.java:639)
	at org.testng.internal.Invoker.invokeTestMethod(Invoker.java:816)
	at org.testng.internal.Invoker.invokeTestMethods(Invoker.java:1124)
	at org.testng.internal.TestMethodWorker.invokeTestMethods(TestMethodWorker.java:125)
	at org.testng.internal.TestMethodWorker.run(TestMethodWorker.java:108)
	at org.testng.TestRunner.privateRun(TestRunner.java:774)
	at org.testng.TestRunner.run(TestRunner.java:624)
	at org.testng.SuiteRunner.runTest(SuiteRunner.java:359)
	at org.testng.SuiteRunner.runSequentially(SuiteRunner.java:354)
	at org.testng.SuiteRunner.privateRun(SuiteRunner.java:312)
	at org.testng.SuiteRunner.run(SuiteRunner.java:261)
	at org.testng.SuiteRunnerWorker.runSuite(SuiteRunnerWorker.java:52)
	at org.testng.SuiteRunnerWorker.run(SuiteRunnerWorker.java:86)
	at org.testng.TestNG.runSuitesSequentially(TestNG.java:1215)
	at org.testng.TestNG.runSuitesLocally(TestNG.java:1140)
	at org.testng.TestNG.run(TestNG.java:1048)
	at org.testng.remote.AbstractRemoteTestNG.run(AbstractRemoteTestNG.java:132)
	at org.testng.remote.RemoteTestNG.initAndRun(RemoteTestNG.java:230)
	at org.testng.remote.RemoteTestNG.main(RemoteTestNG.java:76)
]]>
            </full-stacktrace>
          </exception> <!-- org.testng.SkipException -->
          <reporter-output>
          </reporter-output>
        </test-method> <!-- VoiceACD_CTransfer_ToExt_SameGroup -->
        <test-method status="FAIL" signature="VoiceACD_CTransfer_ToExt_DifferentGroup(int, int, int, int)[pri:0, instance:Thread[Thread-3,5,main]]" name="VoiceACD_CTransfer_ToExt_DifferentGroup" duration-ms="142529" started-at="2017-10-10T17:30:22Z" finished-at="2017-10-10T17:32:44Z">
          <params>
            <param index="0">
              <value>
                <![CDATA[10]]>
              </value>
            </param>
            <param index="1">
              <value>
                <![CDATA[10]]>
              </value>
            </param>
            <param index="2">
              <value>
                <![CDATA[10]]>
              </value>
            </param>
            <param index="3">
              <value>
                <![CDATA[10]]>
              </value>
            </param>
          </params>
          <exception class="java.lang.AssertionError">
            <message>
              <![CDATA[VoiceACD->Ans->Consult Transfer to Ext on Different Group has failed because => 
@ agent4yc1@c1yc1.comExceptionafter pressing btnDisconnect expected [true] but found [false]]]>
            </message>
            <full-stacktrace>
              <![CDATA[java.lang.AssertionError: VoiceACD->Ans->Consult Transfer to Ext on Different Group has failed because => 
@ agent4yc1@c1yc1.comExceptionafter pressing btnDisconnect expected [true] but found [false]
	at org.testng.Assert.fail(Assert.java:94)
	at org.testng.Assert.failNotEquals(Assert.java:496)
	at org.testng.Assert.assertTrue(Assert.java:42)
	at HBTestesNG.BaseObjects.TestCaseObject.failTest(TestCaseObject.java:438)
	at HBTestesNG.BaseObjects.TestCaseObject.endTestCase(TestCaseObject.java:217)
	at HBTestesNG.TestCases.Test_VoiceACD_Transfer.VoiceACD_CTransfer_ToExt_DifferentGroup(Test_VoiceACD_Transfer.java:431)
	at sun.reflect.NativeMethodAccessorImpl.invoke0(Native Method)
	at sun.reflect.NativeMethodAccessorImpl.invoke(Unknown Source)
	at sun.reflect.DelegatingMethodAccessorImpl.invoke(Unknown Source)
	at java.lang.reflect.Method.invoke(Unknown Source)
	at org.testng.internal.MethodInvocationHelper.invokeMethod(MethodInvocationHelper.java:85)
	at org.testng.internal.Invoker.invokeMethod(Invoker.java:639)
	at org.testng.internal.Invoker.invokeTestMethod(Invoker.java:816)
	at org.testng.internal.Invoker.invokeTestMethods(Invoker.java:1124)
	at org.testng.internal.TestMethodWorker.invokeTestMethods(TestMethodWorker.java:125)
	at org.testng.internal.TestMethodWorker.run(TestMethodWorker.java:108)
	at org.testng.TestRunner.privateRun(TestRunner.java:774)
	at org.testng.TestRunner.run(TestRunner.java:624)
	at org.testng.SuiteRunner.runTest(SuiteRunner.java:359)
	at org.testng.SuiteRunner.runSequentially(SuiteRunner.java:354)
	at org.testng.SuiteRunner.privateRun(SuiteRunner.java:312)
	at org.testng.SuiteRunner.run(SuiteRunner.java:261)
	at org.testng.SuiteRunnerWorker.runSuite(SuiteRunnerWorker.java:52)
	at org.testng.SuiteRunnerWorker.run(SuiteRunnerWorker.java:86)
	at org.testng.TestNG.runSuitesSequentially(TestNG.java:1215)
	at org.testng.TestNG.runSuitesLocally(TestNG.java:1140)
	at org.testng.TestNG.run(TestNG.java:1048)
	at org.testng.remote.AbstractRemoteTestNG.run(AbstractRemoteTestNG.java:132)
	at org.testng.remote.RemoteTestNG.initAndRun(RemoteTestNG.java:230)
	at org.testng.remote.RemoteTestNG.main(RemoteTestNG.java:76)
]]>
            </full-stacktrace>
          </exception> <!-- java.lang.AssertionError -->
          <reporter-output>
          </reporter-output>
        </test-method> <!-- VoiceACD_CTransfer_ToExt_DifferentGroup -->
        <test-method status="SKIP" signature="VoiceACD_BTransfer_ToExt_SameGroup_byName(int, int, int, int, int)[pri:0, instance:Thread[Thread-3,5,main]]" name="VoiceACD_BTransfer_ToExt_SameGroup_byName" duration-ms="1" started-at="2017-10-10T17:32:44Z" finished-at="2017-10-10T17:32:44Z">
          <params>
            <param index="0">
              <value>
                <![CDATA[10]]>
              </value>
            </param>
            <param index="1">
              <value>
                <![CDATA[10]]>
              </value>
            </param>
            <param index="2">
              <value>
                <![CDATA[10]]>
              </value>
            </param>
            <param index="3">
              <value>
                <![CDATA[10]]>
              </value>
            </param>
            <param index="4">
              <value>
                <![CDATA[10]]>
              </value>
            </param>
          </params>
          <exception class="org.testng.SkipException">
            <message>
              <![CDATA[Skipping because user want to end test => VoiceACD->Ans->Blind Transfer to Ext on Same Group _byName ]]>
            </message>
            <full-stacktrace>
              <![CDATA[org.testng.SkipException: Skipping because user want to end test => VoiceACD->Ans->Blind Transfer to Ext on Same Group _byName 
	at HBTestesNG.BaseObjects.TestCaseObject.skipTest(TestCaseObject.java:434)
	at HBTestesNG.TestCases.Test_VoiceACD_Transfer.VoiceACD_BTransfer_ToExt_SameGroup_byName(Test_VoiceACD_Transfer.java:80)
	at sun.reflect.NativeMethodAccessorImpl.invoke0(Native Method)
	at sun.reflect.NativeMethodAccessorImpl.invoke(Unknown Source)
	at sun.reflect.DelegatingMethodAccessorImpl.invoke(Unknown Source)
	at java.lang.reflect.Method.invoke(Unknown Source)
	at org.testng.internal.MethodInvocationHelper.invokeMethod(MethodInvocationHelper.java:85)
	at org.testng.internal.Invoker.invokeMethod(Invoker.java:639)
	at org.testng.internal.Invoker.invokeTestMethod(Invoker.java:816)
	at org.testng.internal.Invoker.invokeTestMethods(Invoker.java:1124)
	at org.testng.internal.TestMethodWorker.invokeTestMethods(TestMethodWorker.java:125)
	at org.testng.internal.TestMethodWorker.run(TestMethodWorker.java:108)
	at org.testng.TestRunner.privateRun(TestRunner.java:774)
	at org.testng.TestRunner.run(TestRunner.java:624)
	at org.testng.SuiteRunner.runTest(SuiteRunner.java:359)
	at org.testng.SuiteRunner.runSequentially(SuiteRunner.java:354)
	at org.testng.SuiteRunner.privateRun(SuiteRunner.java:312)
	at org.testng.SuiteRunner.run(SuiteRunner.java:261)
	at org.testng.SuiteRunnerWorker.runSuite(SuiteRunnerWorker.java:52)
	at org.testng.SuiteRunnerWorker.run(SuiteRunnerWorker.java:86)
	at org.testng.TestNG.runSuitesSequentially(TestNG.java:1215)
	at org.testng.TestNG.runSuitesLocally(TestNG.java:1140)
	at org.testng.TestNG.run(TestNG.java:1048)
	at org.testng.remote.AbstractRemoteTestNG.run(AbstractRemoteTestNG.java:132)
	at org.testng.remote.RemoteTestNG.initAndRun(RemoteTestNG.java:230)
	at org.testng.remote.RemoteTestNG.main(RemoteTestNG.java:76)
]]>
            </full-stacktrace>
          </exception> <!-- org.testng.SkipException -->
          <reporter-output>
          </reporter-output>
        </test-method> <!-- VoiceACD_BTransfer_ToExt_SameGroup_byName -->
        <test-method status="PASS" signature="afterClass()[pri:0, instance:Thread[Thread-3,5,main]]" name="afterClass" is-config="true" duration-ms="0" started-at="2017-10-10T17:32:44Z" finished-at="2017-10-10T17:32:44Z">
          <reporter-output>
          </reporter-output>
        </test-method> <!-- afterClass -->
      </class> <!-- HBTestesNG.TestCases.Test_VoiceACD_Transfer -->
    </test> <!-- VoiceACD Scenarios -->
  </suite> <!-- Test HB Suite -->
</testng-results>
