<?xml version="1.0" encoding="UTF-8"?>
<!-- Generated by org.testng.reporters.JUnitReportReporter -->
<testsuite name="ClassesTest.Test_SubscribeEvent_DM" tests="1" time="3.239" ignored="14" failures="0" timestamp="06 Jan 2017 18:57:03 GMT" skipped="0" hostname="ynohW8-64b-one" errors="1">
  <testcase name="Test_SubscribeEvent_DM_ReportingStations" time="3.239" classname="ClassesTest.Test_SubscribeEvent_DM">
    <error type="org.json.JSONException" message="A JSONArray text must start with &#039;[&#039; at 1 [character 2 line 1]">
      <![CDATA[org.json.JSONException: A JSONArray text must start with '[' at 1 [character 2 line 1]
	at org.json.JSONTokener.syntaxError(JSONTokener.java:432)
	at org.json.JSONArray.<init>(JSONArray.java:107)
	at org.json.JSONArray.<init>(JSONArray.java:145)
	at ClassesEntity.JasonMessageBuilder.findCorrectJasonMessage(JasonMessageBuilder.java:710)
	at ClassesEntity.JasonMessageBuilder.jasonParsor_DM_ReportingStations(JasonMessageBuilder.java:592)
	at ClassesTest.Test_SubscribeEvent_DM.Test_SubscribeEvent_DM_ReportingStations(Test_SubscribeEvent_DM.java:101)
	at sun.reflect.NativeMethodAccessorImpl.invoke0(Native Method)
	at sun.reflect.NativeMethodAccessorImpl.invoke(Unknown Source)
	at sun.reflect.DelegatingMethodAccessorImpl.invoke(Unknown Source)
	at java.lang.reflect.Method.invoke(Unknown Source)
	at org.testng.internal.MethodInvocationHelper.invokeMethod(MethodInvocationHelper.java:104)
	at org.testng.internal.Invoker.invokeMethod(Invoker.java:645)
	at org.testng.internal.Invoker.invokeTestMethod(Invoker.java:851)
	at org.testng.internal.Invoker.invokeTestMethods(Invoker.java:1177)
	at org.testng.internal.TestMethodWorker.invokeTestMethods(TestMethodWorker.java:129)
	at org.testng.internal.TestMethodWorker.run(TestMethodWorker.java:112)
	at org.testng.TestRunner.privateRun(TestRunner.java:756)
	at org.testng.TestRunner.run(TestRunner.java:610)
	at org.testng.SuiteRunner.runTest(SuiteRunner.java:387)
	at org.testng.SuiteRunner.runSequentially(SuiteRunner.java:382)
	at org.testng.SuiteRunner.privateRun(SuiteRunner.java:340)
	at org.testng.SuiteRunner.run(SuiteRunner.java:289)
	at org.testng.SuiteRunnerWorker.runSuite(SuiteRunnerWorker.java:52)
	at org.testng.SuiteRunnerWorker.run(SuiteRunnerWorker.java:86)
	at org.testng.TestNG.runSuitesSequentially(TestNG.java:1293)
	at org.testng.TestNG.runSuitesLocally(TestNG.java:1218)
	at org.testng.TestNG.runSuites(TestNG.java:1133)
	at org.testng.TestNG.run(TestNG.java:1104)
	at org.testng.remote.AbstractRemoteTestNG.run(AbstractRemoteTestNG.java:132)
	at org.testng.remote.RemoteTestNG.initAndRun(RemoteTestNG.java:236)
	at org.testng.remote.RemoteTestNG.main(RemoteTestNG.java:81)
]]>
    </error>
  </testcase> <!-- Test_SubscribeEvent_DM_ReportingStations -->
  <testcase name="Test_SubscribeEvent_DM_Supervisors" classname="ClassesTest.Test_SubscribeEvent_DM">
    <skipped/>
  </testcase> <!-- Test_SubscribeEvent_DM_Supervisors -->
  <testcase name="Test_SubscribeEvent_DM_SubSystem" classname="ClassesTest.Test_SubscribeEvent_DM">
    <skipped/>
  </testcase> <!-- Test_SubscribeEvent_DM_SubSystem -->
  <testcase name="Test_SubscribeEvent_DM_EcEmails" classname="ClassesTest.Test_SubscribeEvent_DM">
    <skipped/>
  </testcase> <!-- Test_SubscribeEvent_DM_EcEmails -->
  <testcase name="Test_SubscribeEvent_DM_Agents" classname="ClassesTest.Test_SubscribeEvent_DM">
    <skipped/>
  </testcase> <!-- Test_SubscribeEvent_DM_Agents -->
  <testcase name="Test_SubscribeEvent_DM_IVRPorts" classname="ClassesTest.Test_SubscribeEvent_DM">
    <skipped/>
  </testcase> <!-- Test_SubscribeEvent_DM_IVRPorts -->
  <testcase name="Test_SubscribeEvent_reportTemplate" classname="ClassesTest.Test_SubscribeEvent">
    <skipped/>
  </testcase> <!-- Test_SubscribeEvent_reportTemplate -->
  <testcase name="Test_SubscribeEvent_group" classname="ClassesTest.Test_SubscribeEvent">
    <skipped/>
  </testcase> <!-- Test_SubscribeEvent_group -->
  <testcase name="Test_SubscribeEvent_agent" classname="ClassesTest.Test_SubscribeEvent">
    <skipped/>
  </testcase> <!-- Test_SubscribeEvent_agent -->
  <testcase name="Test_SubscribeEvent_IVRApplication" classname="ClassesTest.Test_SubscribeEvent">
    <skipped/>
  </testcase> <!-- Test_SubscribeEvent_IVRApplication -->
  <testcase name="Test_SubscribeEvent_service" classname="ClassesTest.Test_SubscribeEvent">
    <skipped/>
  </testcase> <!-- Test_SubscribeEvent_service -->
  <testcase name="Test_SubscribeEvent_schedule" classname="ClassesTest.Test_SubscribeEvent">
    <skipped/>
  </testcase> <!-- Test_SubscribeEvent_schedule -->
  <testcase name="Test_SubscribeEvent_customReport" classname="ClassesTest.Test_SubscribeEvent">
    <skipped/>
  </testcase> <!-- Test_SubscribeEvent_customReport -->
  <testcase name="Test_SubscribeEvent_dnis" classname="ClassesTest.Test_SubscribeEvent">
    <skipped/>
  </testcase> <!-- Test_SubscribeEvent_dnis -->
  <testcase name="Test_SubscribeEvent_tenant" classname="ClassesTest.Test_SubscribeEvent">
    <skipped/>
  </testcase> <!-- Test_SubscribeEvent_tenant -->
</testsuite> <!-- ClassesTest.Test_SubscribeEvent_DM -->
