<?xml version="1.0" encoding="UTF-8"?>
<!-- Generated by org.testng.reporters.JUnitReportReporter -->
<testsuite hostname="ynohW8-64b-one" name="HBTestesNG.TestCases.Test_VoiceACD_Conference" tests="8" failures="0" timestamp="26 Aug 2017 09:23:41 GMT" time="979.781" errors="1">
  <testcase name="VoiceACD_CConference_ToExt_SameGroup_byName" time="164.854" classname="HBTestesNG.TestCases.Test_VoiceACD_Conference"/>
  <testcase name="VoiceACD_CConference_ToExternal" time="161.371" classname="HBTestesNG.TestCases.Test_VoiceACD_Conference"/>
  <testcase name="VoiceACD_CConference_ToIRN_SameGroup" time="0.001" classname="HBTestesNG.TestCases.Test_VoiceACD_Conference"/>
  <testcase name="VoiceACD_CConference_ToExt_DifferentGroup_byName" time="158.371" classname="HBTestesNG.TestCases.Test_VoiceACD_Conference"/>
  <testcase name="VoiceACD_CConference_ToExt_DifferentGroup" time="165.864" classname="HBTestesNG.TestCases.Test_VoiceACD_Conference"/>
  <testcase name="VoiceACD_CConference_ToExt_SameGroup" time="167.911" classname="HBTestesNG.TestCases.Test_VoiceACD_Conference"/>
  <testcase name="VoiceACD_CConference_ToIRN_DifferentGroup" time="161.409" classname="HBTestesNG.TestCases.Test_VoiceACD_Conference"/>
  <testcase name="VoiceACD_CConference_All" time="0.000" classname="HBTestesNG.TestCases.Test_VoiceACD_Conference">
    <error type="org.testng.SkipException" message="Skipping because this is loop test: no fit for functional test">
      <![CDATA[org.testng.SkipException: Skipping because this is loop test: no fit for functional test
	at HBTestesNG.BaseObjects.TestCaseObject.skipTest(TestCaseObject.java:313)
	at HBTestesNG.TestCases.Test_VoiceACD_Conference.VoiceACD_CConference_All(Test_VoiceACD_Conference.java:304)
	at sun.reflect.NativeMethodAccessorImpl.invoke0(Native Method)
	at sun.reflect.NativeMethodAccessorImpl.invoke(Unknown Source)
	at sun.reflect.DelegatingMethodAccessorImpl.invoke(Unknown Source)
	at java.lang.reflect.Method.invoke(Unknown Source)
	at org.testng.internal.MethodInvocationHelper.invokeMethod(MethodInvocationHelper.java:85)
	at org.testng.internal.Invoker.invokeMethod(Invoker.java:639)
	at org.testng.internal.Invoker.invokeTestMethod(Invoker.java:816)
	at org.testng.internal.Invoker.invokeTestMethods(Invoker.java:1124)
	at org.testng.internal.TestMethodWorker.invokeTestMethods(TestMethodWorker.java:125)
	at org.testng.internal.TestMethodWorker.run(TestMethodWorker.java:108)
	at org.testng.TestRunner.privateRun(TestRunner.java:774)
	at org.testng.TestRunner.run(TestRunner.java:624)
	at org.testng.SuiteRunner.runTest(SuiteRunner.java:359)
	at org.testng.SuiteRunner.runSequentially(SuiteRunner.java:354)
	at org.testng.SuiteRunner.privateRun(SuiteRunner.java:312)
	at org.testng.SuiteRunner.run(SuiteRunner.java:261)
	at org.testng.SuiteRunnerWorker.runSuite(SuiteRunnerWorker.java:52)
	at org.testng.SuiteRunnerWorker.run(SuiteRunnerWorker.java:86)
	at org.testng.TestNG.runSuitesSequentially(TestNG.java:1215)
	at org.testng.TestNG.runSuitesLocally(TestNG.java:1140)
	at org.testng.TestNG.run(TestNG.java:1048)
	at org.testng.remote.AbstractRemoteTestNG.run(AbstractRemoteTestNG.java:132)
	at org.testng.remote.RemoteTestNG.initAndRun(RemoteTestNG.java:230)
	at org.testng.remote.RemoteTestNG.main(RemoteTestNG.java:76)
]]>
    </error>
  </testcase> <!-- VoiceACD_CConference_All -->
</testsuite> <!-- HBTestesNG.TestCases.Test_VoiceACD_Conference -->
