<html>
<head>
<title>TestNG:  VoiceACD Scenarios</title>
<link href="../testng.css" rel="stylesheet" type="text/css" />
<link href="../my-testng.css" rel="stylesheet" type="text/css" />

<style type="text/css">
.log { display: none;} 
.stack-trace { display: none;} 
</style>
<script type="text/javascript">
<!--
function flip(e) {
  current = e.style.display;
  if (current == 'block') {
    e.style.display = 'none';
    return 0;
  }
  else {
    e.style.display = 'block';
    return 1;
  }
}

function toggleBox(szDivId, elem, msg1, msg2)
{
  var res = -1;  if (document.getElementById) {
    res = flip(document.getElementById(szDivId));
  }
  else if (document.all) {
    // this is the way old msie versions work
    res = flip(document.all[szDivId]);
  }
  if(elem) {
    if(res == 0) elem.innerHTML = msg1; else elem.innerHTML = msg2;
  }

}

function toggleAllBoxes() {
  if (document.getElementsByTagName) {
    d = document.getElementsByTagName('div');
    for (i = 0; i < d.length; i++) {
      if (d[i].className == 'log') {
        flip(d[i]);
      }
    }
  }
}

// -->
</script>

</head>
<body>
<h2 align='center'>VoiceACD Scenarios</h2><table border='1' align="center">
<tr>
<td>Tests passed/Failed/Skipped:</td><td>35/3/4</td>
</tr><tr>
<td>Started on:</td><td>Sat Aug 26 01:00:56 PDT 2017</td>
</tr>
<tr><td>Total time:</td><td>4926 seconds (4926959 ms)</td>
</tr><tr>
<td>Included groups:</td><td></td>
</tr><tr>
<td>Excluded groups:</td><td></td>
</tr>
</table><p/>
<small><i>(Hover the method name to see the test class name)</i></small><p/>
<table width='100%' border='1' class='invocation-failed'>
<tr><td colspan='4' align='center'><b>FAILED TESTS</b></td></tr>
<tr><td><b>Test method</b></td>
<td width="30%"><b>Exception</b></td>
<td width="10%"><b>Time (seconds)</b></td>
<td><b>Instance</b></td>
</tr>
<tr>
<td title='HBTestesNG.TestCases.Test_VoiceACD_Transfer.VoiceACD_CTransfer_ToExt_SameGroup()'><b>VoiceACD_CTransfer_ToExt_SameGroup</b><br>Test class: HBTestesNG.TestCases.Test_VoiceACD_Transfer<br>Parameters: 10, 10, 10, 10, 10</td>
<td><div><pre>java.lang.AssertionError: VoiceACD-&gt;Ans-&gt;Consult Transfer to Ext on Same Group has failed because =&gt; 
@ agent2yc1@c1yc1.comfail on wrapupEndWith2WrapupCodes expected [true] but found [false]
	at HBTestesNG.BaseObjects.TestCaseObject.failTest(TestCaseObject.java:317)
	at HBTestesNG.BaseObjects.TestCaseObject.endTestCase(TestCaseObject.java:200)
	at HBTestesNG.TestCases.Test_VoiceACD_Transfer.VoiceACD_CTransfer_ToExt_SameGroup(Test_VoiceACD_Transfer.java:357)
... Removed 27 stack frames</pre></div><a href='#' onClick='toggleBox("stack-trace1474957626", this, "Click to show all stack frames", "Click to hide stack frames")'>Click to show all stack frames</a>
<div class='stack-trace' id='stack-trace1474957626'><pre>java.lang.AssertionError: VoiceACD-&gt;Ans-&gt;Consult Transfer to Ext on Same Group has failed because =&gt; 
@ agent2yc1@c1yc1.comfail on wrapupEndWith2WrapupCodes expected [true] but found [false]
	at org.testng.Assert.fail(Assert.java:94)
	at org.testng.Assert.failNotEquals(Assert.java:496)
	at org.testng.Assert.assertTrue(Assert.java:42)
	at HBTestesNG.BaseObjects.TestCaseObject.failTest(TestCaseObject.java:317)
	at HBTestesNG.BaseObjects.TestCaseObject.endTestCase(TestCaseObject.java:200)
	at HBTestesNG.TestCases.Test_VoiceACD_Transfer.VoiceACD_CTransfer_ToExt_SameGroup(Test_VoiceACD_Transfer.java:357)
	at sun.reflect.NativeMethodAccessorImpl.invoke0(Native Method)
	at sun.reflect.NativeMethodAccessorImpl.invoke(Unknown Source)
	at sun.reflect.DelegatingMethodAccessorImpl.invoke(Unknown Source)
	at java.lang.reflect.Method.invoke(Unknown Source)
	at org.testng.internal.MethodInvocationHelper.invokeMethod(MethodInvocationHelper.java:85)
	at org.testng.internal.Invoker.invokeMethod(Invoker.java:639)
	at org.testng.internal.Invoker.invokeTestMethod(Invoker.java:816)
	at org.testng.internal.Invoker.invokeTestMethods(Invoker.java:1124)
	at org.testng.internal.TestMethodWorker.invokeTestMethods(TestMethodWorker.java:125)
	at org.testng.internal.TestMethodWorker.run(TestMethodWorker.java:108)
	at org.testng.TestRunner.privateRun(TestRunner.java:774)
	at org.testng.TestRunner.run(TestRunner.java:624)
	at org.testng.SuiteRunner.runTest(SuiteRunner.java:359)
	at org.testng.SuiteRunner.runSequentially(SuiteRunner.java:354)
	at org.testng.SuiteRunner.privateRun(SuiteRunner.java:312)
	at org.testng.SuiteRunner.run(SuiteRunner.java:261)
	at org.testng.SuiteRunnerWorker.runSuite(SuiteRunnerWorker.java:52)
	at org.testng.SuiteRunnerWorker.run(SuiteRunnerWorker.java:86)
	at org.testng.TestNG.runSuitesSequentially(TestNG.java:1215)
	at org.testng.TestNG.runSuitesLocally(TestNG.java:1140)
	at org.testng.TestNG.run(TestNG.java:1048)
	at org.testng.remote.AbstractRemoteTestNG.run(AbstractRemoteTestNG.java:132)
	at org.testng.remote.RemoteTestNG.initAndRun(RemoteTestNG.java:230)
	at org.testng.remote.RemoteTestNG.main(RemoteTestNG.java:76)
</pre></div></td>
<td>181</td>
<td>Thread[Thread-3,5,main]</td></tr>
<tr>
<td title='HBTestesNG.TestCases.Test_VoiceACD_Transfer.VoiceACD_CTransfer_ToExt_SameGroup_byName()'><b>VoiceACD_CTransfer_ToExt_SameGroup_byName</b><br>Test class: HBTestesNG.TestCases.Test_VoiceACD_Transfer<br>Parameters: 10, 10, 10, 10, 10</td>
<td><div><pre>java.lang.AssertionError: VoiceACD-&gt;Ans-&gt;Consult Transfer to Ext on Same Group_byName has failed because =&gt; 
@ agent2yc1@c1yc1.comfail on wrapupEndWith2WrapupCodes expected [true] but found [false]
	at HBTestesNG.BaseObjects.TestCaseObject.failTest(TestCaseObject.java:317)
	at HBTestesNG.BaseObjects.TestCaseObject.endTestCase(TestCaseObject.java:200)
	at HBTestesNG.TestCases.Test_VoiceACD_Transfer.VoiceACD_CTransfer_ToExt_SameGroup_byName(Test_VoiceACD_Transfer.java:395)
... Removed 27 stack frames</pre></div><a href='#' onClick='toggleBox("stack-trace957923719", this, "Click to show all stack frames", "Click to hide stack frames")'>Click to show all stack frames</a>
<div class='stack-trace' id='stack-trace957923719'><pre>java.lang.AssertionError: VoiceACD-&gt;Ans-&gt;Consult Transfer to Ext on Same Group_byName has failed because =&gt; 
@ agent2yc1@c1yc1.comfail on wrapupEndWith2WrapupCodes expected [true] but found [false]
	at org.testng.Assert.fail(Assert.java:94)
	at org.testng.Assert.failNotEquals(Assert.java:496)
	at org.testng.Assert.assertTrue(Assert.java:42)
	at HBTestesNG.BaseObjects.TestCaseObject.failTest(TestCaseObject.java:317)
	at HBTestesNG.BaseObjects.TestCaseObject.endTestCase(TestCaseObject.java:200)
	at HBTestesNG.TestCases.Test_VoiceACD_Transfer.VoiceACD_CTransfer_ToExt_SameGroup_byName(Test_VoiceACD_Transfer.java:395)
	at sun.reflect.NativeMethodAccessorImpl.invoke0(Native Method)
	at sun.reflect.NativeMethodAccessorImpl.invoke(Unknown Source)
	at sun.reflect.DelegatingMethodAccessorImpl.invoke(Unknown Source)
	at java.lang.reflect.Method.invoke(Unknown Source)
	at org.testng.internal.MethodInvocationHelper.invokeMethod(MethodInvocationHelper.java:85)
	at org.testng.internal.Invoker.invokeMethod(Invoker.java:639)
	at org.testng.internal.Invoker.invokeTestMethod(Invoker.java:816)
	at org.testng.internal.Invoker.invokeTestMethods(Invoker.java:1124)
	at org.testng.internal.TestMethodWorker.invokeTestMethods(TestMethodWorker.java:125)
	at org.testng.internal.TestMethodWorker.run(TestMethodWorker.java:108)
	at org.testng.TestRunner.privateRun(TestRunner.java:774)
	at org.testng.TestRunner.run(TestRunner.java:624)
	at org.testng.SuiteRunner.runTest(SuiteRunner.java:359)
	at org.testng.SuiteRunner.runSequentially(SuiteRunner.java:354)
	at org.testng.SuiteRunner.privateRun(SuiteRunner.java:312)
	at org.testng.SuiteRunner.run(SuiteRunner.java:261)
	at org.testng.SuiteRunnerWorker.runSuite(SuiteRunnerWorker.java:52)
	at org.testng.SuiteRunnerWorker.run(SuiteRunnerWorker.java:86)
	at org.testng.TestNG.runSuitesSequentially(TestNG.java:1215)
	at org.testng.TestNG.runSuitesLocally(TestNG.java:1140)
	at org.testng.TestNG.run(TestNG.java:1048)
	at org.testng.remote.AbstractRemoteTestNG.run(AbstractRemoteTestNG.java:132)
	at org.testng.remote.RemoteTestNG.initAndRun(RemoteTestNG.java:230)
	at org.testng.remote.RemoteTestNG.main(RemoteTestNG.java:76)
</pre></div></td>
<td>180</td>
<td>Thread[Thread-3,5,main]</td></tr>
<tr>
<td title='HBTestesNG.TestCases.Test_VoiceACD_Basic.VoiceACD_Q_Answer()'><b>VoiceACD_Q_Answer</b><br>Test class: HBTestesNG.TestCases.Test_VoiceACD_Basic<br>Parameters: 10, 10, 10, 10</td>
<td><div><pre>java.lang.AssertionError: VoiceACD-&gt;Q-&gt;Answered has failed because =&gt; 
@ agent1yc1@c1yc1.comfail on =&gt; btnAnswer expected [true] but found [false]
	at HBTestesNG.BaseObjects.TestCaseObject.failTest(TestCaseObject.java:317)
	at HBTestesNG.BaseObjects.TestCaseObject.endTestCase(TestCaseObject.java:200)
	at HBTestesNG.TestCases.Test_VoiceACD_Basic.VoiceACD_Q_Answer(Test_VoiceACD_Basic.java:88)
... Removed 27 stack frames</pre></div><a href='#' onClick='toggleBox("stack-trace1047478056", this, "Click to show all stack frames", "Click to hide stack frames")'>Click to show all stack frames</a>
<div class='stack-trace' id='stack-trace1047478056'><pre>java.lang.AssertionError: VoiceACD-&gt;Q-&gt;Answered has failed because =&gt; 
@ agent1yc1@c1yc1.comfail on =&gt; btnAnswer expected [true] but found [false]
	at org.testng.Assert.fail(Assert.java:94)
	at org.testng.Assert.failNotEquals(Assert.java:496)
	at org.testng.Assert.assertTrue(Assert.java:42)
	at HBTestesNG.BaseObjects.TestCaseObject.failTest(TestCaseObject.java:317)
	at HBTestesNG.BaseObjects.TestCaseObject.endTestCase(TestCaseObject.java:200)
	at HBTestesNG.TestCases.Test_VoiceACD_Basic.VoiceACD_Q_Answer(Test_VoiceACD_Basic.java:88)
	at sun.reflect.NativeMethodAccessorImpl.invoke0(Native Method)
	at sun.reflect.NativeMethodAccessorImpl.invoke(Unknown Source)
	at sun.reflect.DelegatingMethodAccessorImpl.invoke(Unknown Source)
	at java.lang.reflect.Method.invoke(Unknown Source)
	at org.testng.internal.MethodInvocationHelper.invokeMethod(MethodInvocationHelper.java:85)
	at org.testng.internal.Invoker.invokeMethod(Invoker.java:639)
	at org.testng.internal.Invoker.invokeTestMethod(Invoker.java:816)
	at org.testng.internal.Invoker.invokeTestMethods(Invoker.java:1124)
	at org.testng.internal.TestMethodWorker.invokeTestMethods(TestMethodWorker.java:125)
	at org.testng.internal.TestMethodWorker.run(TestMethodWorker.java:108)
	at org.testng.TestRunner.privateRun(TestRunner.java:774)
	at org.testng.TestRunner.run(TestRunner.java:624)
	at org.testng.SuiteRunner.runTest(SuiteRunner.java:359)
	at org.testng.SuiteRunner.runSequentially(SuiteRunner.java:354)
	at org.testng.SuiteRunner.privateRun(SuiteRunner.java:312)
	at org.testng.SuiteRunner.run(SuiteRunner.java:261)
	at org.testng.SuiteRunnerWorker.runSuite(SuiteRunnerWorker.java:52)
	at org.testng.SuiteRunnerWorker.run(SuiteRunnerWorker.java:86)
	at org.testng.TestNG.runSuitesSequentially(TestNG.java:1215)
	at org.testng.TestNG.runSuitesLocally(TestNG.java:1140)
	at org.testng.TestNG.run(TestNG.java:1048)
	at org.testng.remote.AbstractRemoteTestNG.run(AbstractRemoteTestNG.java:132)
	at org.testng.remote.RemoteTestNG.initAndRun(RemoteTestNG.java:230)
	at org.testng.remote.RemoteTestNG.main(RemoteTestNG.java:76)
</pre></div></td>
<td>129</td>
<td>Thread[Thread-2,5,main]</td></tr>
</table><p>
<table width='100%' border='1' class='invocation-passed'>
<tr><td colspan='4' align='center'><b>PASSED TESTS</b></td></tr>
<tr><td><b>Test method</b></td>
<td width="30%"><b>Exception</b></td>
<td width="10%"><b>Time (seconds)</b></td>
<td><b>Instance</b></td>
</tr>
<tr>
<td title='HBTestesNG.TestCases.Test_VoiceACD_Transfer.VoiceACD_BTransfer_ToExt_DifferentGroup()'><b>VoiceACD_BTransfer_ToExt_DifferentGroup</b><br>Test class: HBTestesNG.TestCases.Test_VoiceACD_Transfer<br>Parameters: 10, 10, 10, 10</td>
<td></td>
<td>106</td>
<td>Thread[Thread-3,5,main]</td></tr>
<tr>
<td title='HBTestesNG.TestCases.Test_VoiceACD_Transfer_WrapTimeZero.VoiceACD_BTransfer_ToExt_DifferentGroup()'><b>VoiceACD_BTransfer_ToExt_DifferentGroup</b><br>Test class: HBTestesNG.TestCases.Test_VoiceACD_Transfer_WrapTimeZero<br>Parameters: 10, 10, 10, 10</td>
<td></td>
<td>106</td>
<td>Thread[Thread-4,5,main]</td></tr>
<tr>
<td title='HBTestesNG.TestCases.Test_VoiceACD_Transfer.VoiceACD_BTransfer_ToExt_DifferentGroup_byName()'><b>VoiceACD_BTransfer_ToExt_DifferentGroup_byName</b><br>Test class: HBTestesNG.TestCases.Test_VoiceACD_Transfer<br>Parameters: 10, 10, 10, 10</td>
<td></td>
<td>106</td>
<td>Thread[Thread-3,5,main]</td></tr>
<tr>
<td title='HBTestesNG.TestCases.Test_VoiceACD_Transfer.VoiceACD_BTransfer_ToExt_SameGroup()'><b>VoiceACD_BTransfer_ToExt_SameGroup</b><br>Test class: HBTestesNG.TestCases.Test_VoiceACD_Transfer<br>Parameters: 10, 10, 10, 10, 10</td>
<td></td>
<td>129</td>
<td>Thread[Thread-3,5,main]</td></tr>
<tr>
<td title='HBTestesNG.TestCases.Test_VoiceACD_Transfer_WrapTimeZero.VoiceACD_BTransfer_ToExt_SameGroup()'><b>VoiceACD_BTransfer_ToExt_SameGroup</b><br>Test class: HBTestesNG.TestCases.Test_VoiceACD_Transfer_WrapTimeZero<br>Parameters: 10, 10, 10, 10, 10</td>
<td></td>
<td>131</td>
<td>Thread[Thread-4,5,main]</td></tr>
<tr>
<td title='HBTestesNG.TestCases.Test_VoiceACD_Transfer.VoiceACD_BTransfer_ToExt_SameGroup_byName()'><b>VoiceACD_BTransfer_ToExt_SameGroup_byName</b><br>Test class: HBTestesNG.TestCases.Test_VoiceACD_Transfer<br>Parameters: 10, 10, 10, 10, 10</td>
<td></td>
<td>126</td>
<td>Thread[Thread-3,5,main]</td></tr>
<tr>
<td title='HBTestesNG.TestCases.Test_VoiceACD_Transfer.VoiceACD_BTransfer_ToExternal()'><b>VoiceACD_BTransfer_ToExternal</b><br>Test class: HBTestesNG.TestCases.Test_VoiceACD_Transfer<br>Parameters: 10, 10, 10, 10</td>
<td></td>
<td>106</td>
<td>Thread[Thread-3,5,main]</td></tr>
<tr>
<td title='HBTestesNG.TestCases.Test_VoiceACD_Transfer_WrapTimeZero.VoiceACD_BTransfer_ToExternal()'><b>VoiceACD_BTransfer_ToExternal</b><br>Test class: HBTestesNG.TestCases.Test_VoiceACD_Transfer_WrapTimeZero<br>Parameters: 10, 10, 10, 10</td>
<td></td>
<td>106</td>
<td>Thread[Thread-4,5,main]</td></tr>
<tr>
<td title='HBTestesNG.TestCases.Test_VoiceACD_Transfer.VoiceACD_BTransfer_ToIRN_DifferentGroup()'><b>VoiceACD_BTransfer_ToIRN_DifferentGroup</b><br>Test class: HBTestesNG.TestCases.Test_VoiceACD_Transfer<br>Parameters: 10, 10, 10, 10, 10</td>
<td></td>
<td>123</td>
<td>Thread[Thread-3,5,main]</td></tr>
<tr>
<td title='HBTestesNG.TestCases.Test_VoiceACD_Transfer_WrapTimeZero.VoiceACD_BTransfer_ToIRN_DifferentGroup()'><b>VoiceACD_BTransfer_ToIRN_DifferentGroup</b><br>Test class: HBTestesNG.TestCases.Test_VoiceACD_Transfer_WrapTimeZero<br>Parameters: 10, 10, 10, 10, 10</td>
<td></td>
<td>106</td>
<td>Thread[Thread-4,5,main]</td></tr>
<tr>
<td title='HBTestesNG.TestCases.Test_VoiceACD_Transfer.VoiceACD_BTransfer_ToIRN_SameGroup()'><b>VoiceACD_BTransfer_ToIRN_SameGroup</b><br>Test class: HBTestesNG.TestCases.Test_VoiceACD_Transfer<br>Parameters: 10, 10, 10, 10, 10</td>
<td></td>
<td>129</td>
<td>Thread[Thread-3,5,main]</td></tr>
<tr>
<td title='HBTestesNG.TestCases.Test_VoiceACD_Transfer_WrapTimeZero.VoiceACD_BTransfer_ToIRN_SameGroup()'><b>VoiceACD_BTransfer_ToIRN_SameGroup</b><br>Test class: HBTestesNG.TestCases.Test_VoiceACD_Transfer_WrapTimeZero<br>Parameters: 10, 10, 10, 10, 10</td>
<td></td>
<td>112</td>
<td>Thread[Thread-4,5,main]</td></tr>
<tr>
<td title='HBTestesNG.TestCases.Test_VoiceACD_Conference.VoiceACD_CConference_ToExt_DifferentGroup()'><b>VoiceACD_CConference_ToExt_DifferentGroup</b><br>Test class: HBTestesNG.TestCases.Test_VoiceACD_Conference<br>Parameters: 10, 10, 10, 10</td>
<td></td>
<td>165</td>
<td>Thread[Thread-5,5,main]</td></tr>
<tr>
<td title='HBTestesNG.TestCases.Test_VoiceACD_Conference_WrapTimeZero.VoiceACD_CConference_ToExt_DifferentGroup()'><b>VoiceACD_CConference_ToExt_DifferentGroup</b><br>Test class: HBTestesNG.TestCases.Test_VoiceACD_Conference_WrapTimeZero<br>Parameters: 10, 10, 10, 10</td>
<td></td>
<td>144</td>
<td>Thread[Thread-6,5,main]</td></tr>
<tr>
<td title='HBTestesNG.TestCases.Test_VoiceACD_Conference.VoiceACD_CConference_ToExt_DifferentGroup_byName()'><b>VoiceACD_CConference_ToExt_DifferentGroup_byName</b><br>Test class: HBTestesNG.TestCases.Test_VoiceACD_Conference<br>Parameters: 10, 10, 10, 10</td>
<td></td>
<td>158</td>
<td>Thread[Thread-5,5,main]</td></tr>
<tr>
<td title='HBTestesNG.TestCases.Test_VoiceACD_Conference.VoiceACD_CConference_ToExt_SameGroup()'><b>VoiceACD_CConference_ToExt_SameGroup</b><br>Test class: HBTestesNG.TestCases.Test_VoiceACD_Conference<br>Parameters: 10, 10, 10, 10, 10</td>
<td></td>
<td>167</td>
<td>Thread[Thread-5,5,main]</td></tr>
<tr>
<td title='HBTestesNG.TestCases.Test_VoiceACD_Conference_WrapTimeZero.VoiceACD_CConference_ToExt_SameGroup()'><b>VoiceACD_CConference_ToExt_SameGroup</b><br>Test class: HBTestesNG.TestCases.Test_VoiceACD_Conference_WrapTimeZero<br>Parameters: 10, 10, 10, 10, 10</td>
<td></td>
<td>151</td>
<td>Thread[Thread-6,5,main]</td></tr>
<tr>
<td title='HBTestesNG.TestCases.Test_VoiceACD_Conference.VoiceACD_CConference_ToExt_SameGroup_byName()'><b>VoiceACD_CConference_ToExt_SameGroup_byName</b><br>Test class: HBTestesNG.TestCases.Test_VoiceACD_Conference<br>Parameters: 10, 10, 10, 10, 10</td>
<td></td>
<td>164</td>
<td>Thread[Thread-5,5,main]</td></tr>
<tr>
<td title='HBTestesNG.TestCases.Test_VoiceACD_Conference.VoiceACD_CConference_ToExternal()'><b>VoiceACD_CConference_ToExternal</b><br>Test class: HBTestesNG.TestCases.Test_VoiceACD_Conference<br>Parameters: 10, 10, 10, 10</td>
<td></td>
<td>161</td>
<td>Thread[Thread-5,5,main]</td></tr>
<tr>
<td title='HBTestesNG.TestCases.Test_VoiceACD_Conference_WrapTimeZero.VoiceACD_CConference_ToExternal()'><b>VoiceACD_CConference_ToExternal</b><br>Test class: HBTestesNG.TestCases.Test_VoiceACD_Conference_WrapTimeZero<br>Parameters: 10, 10, 10, 10</td>
<td></td>
<td>144</td>
<td>Thread[Thread-6,5,main]</td></tr>
<tr>
<td title='HBTestesNG.TestCases.Test_VoiceACD_Conference.VoiceACD_CConference_ToIRN_DifferentGroup()'><b>VoiceACD_CConference_ToIRN_DifferentGroup</b><br>Test class: HBTestesNG.TestCases.Test_VoiceACD_Conference<br>Parameters: 10, 10, 10, 10, 10</td>
<td></td>
<td>161</td>
<td>Thread[Thread-5,5,main]</td></tr>
<tr>
<td title='HBTestesNG.TestCases.Test_VoiceACD_Conference_WrapTimeZero.VoiceACD_CConference_ToIRN_DifferentGroup()'><b>VoiceACD_CConference_ToIRN_DifferentGroup</b><br>Test class: HBTestesNG.TestCases.Test_VoiceACD_Conference_WrapTimeZero<br>Parameters: 10, 10, 10, 10, 10</td>
<td></td>
<td>144</td>
<td>Thread[Thread-6,5,main]</td></tr>
<tr>
<td title='HBTestesNG.TestCases.Test_VoiceACD_Conference.VoiceACD_CConference_ToIRN_SameGroup()'><b>VoiceACD_CConference_ToIRN_SameGroup</b><br>Test class: HBTestesNG.TestCases.Test_VoiceACD_Conference<br>Parameters: 10, 10, 10, 10, 10</td>
<td></td>
<td>0</td>
<td>Thread[Thread-5,5,main]</td></tr>
<tr>
<td title='HBTestesNG.TestCases.Test_VoiceACD_Conference_WrapTimeZero.VoiceACD_CConference_ToIRN_SameGroup()'><b>VoiceACD_CConference_ToIRN_SameGroup</b><br>Test class: HBTestesNG.TestCases.Test_VoiceACD_Conference_WrapTimeZero<br>Parameters: 10, 10, 10, 10, 10</td>
<td></td>
<td>0</td>
<td>Thread[Thread-6,5,main]</td></tr>
<tr>
<td title='HBTestesNG.TestCases.Test_VoiceACD_Transfer.VoiceACD_CTransfer_ToExt_DifferentGroup()'><b>VoiceACD_CTransfer_ToExt_DifferentGroup</b><br>Test class: HBTestesNG.TestCases.Test_VoiceACD_Transfer<br>Parameters: 10, 10, 10, 10</td>
<td></td>
<td>130</td>
<td>Thread[Thread-3,5,main]</td></tr>
<tr>
<td title='HBTestesNG.TestCases.Test_VoiceACD_Transfer_WrapTimeZero.VoiceACD_CTransfer_ToExt_DifferentGroup()'><b>VoiceACD_CTransfer_ToExt_DifferentGroup</b><br>Test class: HBTestesNG.TestCases.Test_VoiceACD_Transfer_WrapTimeZero<br>Parameters: 10, 10, 10, 10</td>
<td></td>
<td>137</td>
<td>Thread[Thread-4,5,main]</td></tr>
<tr>
<td title='HBTestesNG.TestCases.Test_VoiceACD_Transfer.VoiceACD_CTransfer_ToExt_DifferentGroup_byName()'><b>VoiceACD_CTransfer_ToExt_DifferentGroup_byName</b><br>Test class: HBTestesNG.TestCases.Test_VoiceACD_Transfer<br>Parameters: 10, 10, 10, 10</td>
<td></td>
<td>129</td>
<td>Thread[Thread-3,5,main]</td></tr>
<tr>
<td title='HBTestesNG.TestCases.Test_VoiceACD_Transfer_WrapTimeZero.VoiceACD_CTransfer_ToExt_SameGroup()'><b>VoiceACD_CTransfer_ToExt_SameGroup</b><br>Test class: HBTestesNG.TestCases.Test_VoiceACD_Transfer_WrapTimeZero<br>Parameters: 10, 10, 10, 10, 10</td>
<td></td>
<td>139</td>
<td>Thread[Thread-4,5,main]</td></tr>
<tr>
<td title='HBTestesNG.TestCases.Test_VoiceACD_Transfer.VoiceACD_CTransfer_ToExternal()'><b>VoiceACD_CTransfer_ToExternal</b><br>Test class: HBTestesNG.TestCases.Test_VoiceACD_Transfer<br>Parameters: 10, 10, 10, 10</td>
<td></td>
<td>152</td>
<td>Thread[Thread-3,5,main]</td></tr>
<tr>
<td title='HBTestesNG.TestCases.Test_VoiceACD_Transfer_WrapTimeZero.VoiceACD_CTransfer_ToExternal()'><b>VoiceACD_CTransfer_ToExternal</b><br>Test class: HBTestesNG.TestCases.Test_VoiceACD_Transfer_WrapTimeZero<br>Parameters: 10, 10, 10, 10</td>
<td></td>
<td>137</td>
<td>Thread[Thread-4,5,main]</td></tr>
<tr>
<td title='HBTestesNG.TestCases.Test_VoiceACD_Transfer_WrapTimeZero.VoiceACD_CTransfer_ToIRN_DifferentGroup()'><b>VoiceACD_CTransfer_ToIRN_DifferentGroup</b><br>Test class: HBTestesNG.TestCases.Test_VoiceACD_Transfer_WrapTimeZero<br>Parameters: 10, 10, 10, 10, 10</td>
<td></td>
<td>137</td>
<td>Thread[Thread-4,5,main]</td></tr>
<tr>
<td title='HBTestesNG.TestCases.Test_VoiceACD_Transfer_WrapTimeZero.VoiceACD_CTransfer_ToIRN_SameGroup()'><b>VoiceACD_CTransfer_ToIRN_SameGroup</b><br>Test class: HBTestesNG.TestCases.Test_VoiceACD_Transfer_WrapTimeZero<br>Parameters: 10, 10, 10, 10, 10</td>
<td></td>
<td>144</td>
<td>Thread[Thread-4,5,main]</td></tr>
<tr>
<td title='HBTestesNG.TestCases.Test_VoiceACD_Basic.VoiceACD_NoQ_Answer()'><b>VoiceACD_NoQ_Answer</b><br>Test class: HBTestesNG.TestCases.Test_VoiceACD_Basic<br>Parameters: 10, 10, 10</td>
<td></td>
<td>90</td>
<td>Thread[Thread-2,5,main]</td></tr>
<tr>
<td title='HBTestesNG.TestCases.Test_VoiceACD_Basic.VoiceACD_NoQ_Answer_NoWrapTime()'><b>VoiceACD_NoQ_Answer_NoWrapTime</b><br>Test class: HBTestesNG.TestCases.Test_VoiceACD_Basic<br>Parameters: 10, 10</td>
<td></td>
<td>115</td>
<td>Thread[Thread-2,5,main]</td></tr>
<tr>
<td title='HBTestesNG.TestCases.Test_Preparation.VoiceACD_Q_Abandon()'><b>VoiceACD_Q_Abandon</b><br>Test class: HBTestesNG.TestCases.Test_Preparation<br>Parameters: 10</td>
<td></td>
<td>58</td>
<td>Thread[Thread-1,5,main]</td></tr>
</table><p>
<table width='100%' border='1' class='invocation-skipped'>
<tr><td colspan='4' align='center'><b>SKIPPED TESTS</b></td></tr>
<tr><td><b>Test method</b></td>
<td width="30%"><b>Exception</b></td>
<td width="10%"><b>Time (seconds)</b></td>
<td><b>Instance</b></td>
</tr>
<tr>
<td title='HBTestesNG.TestCases.Test_VoiceACD_Transfer.VoiceACD_BTransfer_ToIRN_AQ()'><b>VoiceACD_BTransfer_ToIRN_AQ</b><br>Test class: HBTestesNG.TestCases.Test_VoiceACD_Transfer<br>Parameters: 10, 10, 10, 10, 10</td>
<td><div><pre>org.testng.SkipException: Defect:UCC-1641
	at HBTestesNG.BaseObjects.TestCaseObject.skipTest(TestCaseObject.java:313)
	at HBTestesNG.TestCases.Test_VoiceACD_Transfer.VoiceACD_BTransfer_ToIRN_AQ(Test_VoiceACD_Transfer.java:289)
... Removed 24 stack frames</pre></div><a href='#' onClick='toggleBox("stack-trace1026483832", this, "Click to show all stack frames", "Click to hide stack frames")'>Click to show all stack frames</a>
<div class='stack-trace' id='stack-trace1026483832'><pre>org.testng.SkipException: Defect:UCC-1641
	at HBTestesNG.BaseObjects.TestCaseObject.skipTest(TestCaseObject.java:313)
	at HBTestesNG.TestCases.Test_VoiceACD_Transfer.VoiceACD_BTransfer_ToIRN_AQ(Test_VoiceACD_Transfer.java:289)
	at sun.reflect.NativeMethodAccessorImpl.invoke0(Native Method)
	at sun.reflect.NativeMethodAccessorImpl.invoke(Unknown Source)
	at sun.reflect.DelegatingMethodAccessorImpl.invoke(Unknown Source)
	at java.lang.reflect.Method.invoke(Unknown Source)
	at org.testng.internal.MethodInvocationHelper.invokeMethod(MethodInvocationHelper.java:85)
	at org.testng.internal.Invoker.invokeMethod(Invoker.java:639)
	at org.testng.internal.Invoker.invokeTestMethod(Invoker.java:816)
	at org.testng.internal.Invoker.invokeTestMethods(Invoker.java:1124)
	at org.testng.internal.TestMethodWorker.invokeTestMethods(TestMethodWorker.java:125)
	at org.testng.internal.TestMethodWorker.run(TestMethodWorker.java:108)
	at org.testng.TestRunner.privateRun(TestRunner.java:774)
	at org.testng.TestRunner.run(TestRunner.java:624)
	at org.testng.SuiteRunner.runTest(SuiteRunner.java:359)
	at org.testng.SuiteRunner.runSequentially(SuiteRunner.java:354)
	at org.testng.SuiteRunner.privateRun(SuiteRunner.java:312)
	at org.testng.SuiteRunner.run(SuiteRunner.java:261)
	at org.testng.SuiteRunnerWorker.runSuite(SuiteRunnerWorker.java:52)
	at org.testng.SuiteRunnerWorker.run(SuiteRunnerWorker.java:86)
	at org.testng.TestNG.runSuitesSequentially(TestNG.java:1215)
	at org.testng.TestNG.runSuitesLocally(TestNG.java:1140)
	at org.testng.TestNG.run(TestNG.java:1048)
	at org.testng.remote.AbstractRemoteTestNG.run(AbstractRemoteTestNG.java:132)
	at org.testng.remote.RemoteTestNG.initAndRun(RemoteTestNG.java:230)
	at org.testng.remote.RemoteTestNG.main(RemoteTestNG.java:76)
</pre></div></td>
<td>0</td>
<td>Thread[Thread-3,5,main]</td></tr>
<tr>
<td title='HBTestesNG.TestCases.Test_VoiceACD_Conference.VoiceACD_CConference_All()'><b>VoiceACD_CConference_All</b><br>Test class: HBTestesNG.TestCases.Test_VoiceACD_Conference<br>Parameters: 10, 10, 10, 10, 10</td>
<td><div><pre>org.testng.SkipException: Skipping because this is loop test: no fit for functional test
	at HBTestesNG.BaseObjects.TestCaseObject.skipTest(TestCaseObject.java:313)
	at HBTestesNG.TestCases.Test_VoiceACD_Conference.VoiceACD_CConference_All(Test_VoiceACD_Conference.java:304)
... Removed 24 stack frames</pre></div><a href='#' onClick='toggleBox("stack-trace1919576980", this, "Click to show all stack frames", "Click to hide stack frames")'>Click to show all stack frames</a>
<div class='stack-trace' id='stack-trace1919576980'><pre>org.testng.SkipException: Skipping because this is loop test: no fit for functional test
	at HBTestesNG.BaseObjects.TestCaseObject.skipTest(TestCaseObject.java:313)
	at HBTestesNG.TestCases.Test_VoiceACD_Conference.VoiceACD_CConference_All(Test_VoiceACD_Conference.java:304)
	at sun.reflect.NativeMethodAccessorImpl.invoke0(Native Method)
	at sun.reflect.NativeMethodAccessorImpl.invoke(Unknown Source)
	at sun.reflect.DelegatingMethodAccessorImpl.invoke(Unknown Source)
	at java.lang.reflect.Method.invoke(Unknown Source)
	at org.testng.internal.MethodInvocationHelper.invokeMethod(MethodInvocationHelper.java:85)
	at org.testng.internal.Invoker.invokeMethod(Invoker.java:639)
	at org.testng.internal.Invoker.invokeTestMethod(Invoker.java:816)
	at org.testng.internal.Invoker.invokeTestMethods(Invoker.java:1124)
	at org.testng.internal.TestMethodWorker.invokeTestMethods(TestMethodWorker.java:125)
	at org.testng.internal.TestMethodWorker.run(TestMethodWorker.java:108)
	at org.testng.TestRunner.privateRun(TestRunner.java:774)
	at org.testng.TestRunner.run(TestRunner.java:624)
	at org.testng.SuiteRunner.runTest(SuiteRunner.java:359)
	at org.testng.SuiteRunner.runSequentially(SuiteRunner.java:354)
	at org.testng.SuiteRunner.privateRun(SuiteRunner.java:312)
	at org.testng.SuiteRunner.run(SuiteRunner.java:261)
	at org.testng.SuiteRunnerWorker.runSuite(SuiteRunnerWorker.java:52)
	at org.testng.SuiteRunnerWorker.run(SuiteRunnerWorker.java:86)
	at org.testng.TestNG.runSuitesSequentially(TestNG.java:1215)
	at org.testng.TestNG.runSuitesLocally(TestNG.java:1140)
	at org.testng.TestNG.run(TestNG.java:1048)
	at org.testng.remote.AbstractRemoteTestNG.run(AbstractRemoteTestNG.java:132)
	at org.testng.remote.RemoteTestNG.initAndRun(RemoteTestNG.java:230)
	at org.testng.remote.RemoteTestNG.main(RemoteTestNG.java:76)
</pre></div></td>
<td>0</td>
<td>Thread[Thread-5,5,main]</td></tr>
<tr>
<td title='HBTestesNG.TestCases.Test_VoiceACD_Transfer.VoiceACD_CTransfer_ToIRN_DifferentGroup()'><b>VoiceACD_CTransfer_ToIRN_DifferentGroup</b><br>Test class: HBTestesNG.TestCases.Test_VoiceACD_Transfer<br>Parameters: 10, 10, 10, 10, 10</td>
<td><div><pre>org.testng.SkipException: Defect:UCC-1642
	at HBTestesNG.BaseObjects.TestCaseObject.skipTest(TestCaseObject.java:313)
	at HBTestesNG.TestCases.Test_VoiceACD_Transfer.VoiceACD_CTransfer_ToIRN_DifferentGroup(Test_VoiceACD_Transfer.java:550)
... Removed 24 stack frames</pre></div><a href='#' onClick='toggleBox("stack-trace2015301874", this, "Click to show all stack frames", "Click to hide stack frames")'>Click to show all stack frames</a>
<div class='stack-trace' id='stack-trace2015301874'><pre>org.testng.SkipException: Defect:UCC-1642
	at HBTestesNG.BaseObjects.TestCaseObject.skipTest(TestCaseObject.java:313)
	at HBTestesNG.TestCases.Test_VoiceACD_Transfer.VoiceACD_CTransfer_ToIRN_DifferentGroup(Test_VoiceACD_Transfer.java:550)
	at sun.reflect.NativeMethodAccessorImpl.invoke0(Native Method)
	at sun.reflect.NativeMethodAccessorImpl.invoke(Unknown Source)
	at sun.reflect.DelegatingMethodAccessorImpl.invoke(Unknown Source)
	at java.lang.reflect.Method.invoke(Unknown Source)
	at org.testng.internal.MethodInvocationHelper.invokeMethod(MethodInvocationHelper.java:85)
	at org.testng.internal.Invoker.invokeMethod(Invoker.java:639)
	at org.testng.internal.Invoker.invokeTestMethod(Invoker.java:816)
	at org.testng.internal.Invoker.invokeTestMethods(Invoker.java:1124)
	at org.testng.internal.TestMethodWorker.invokeTestMethods(TestMethodWorker.java:125)
	at org.testng.internal.TestMethodWorker.run(TestMethodWorker.java:108)
	at org.testng.TestRunner.privateRun(TestRunner.java:774)
	at org.testng.TestRunner.run(TestRunner.java:624)
	at org.testng.SuiteRunner.runTest(SuiteRunner.java:359)
	at org.testng.SuiteRunner.runSequentially(SuiteRunner.java:354)
	at org.testng.SuiteRunner.privateRun(SuiteRunner.java:312)
	at org.testng.SuiteRunner.run(SuiteRunner.java:261)
	at org.testng.SuiteRunnerWorker.runSuite(SuiteRunnerWorker.java:52)
	at org.testng.SuiteRunnerWorker.run(SuiteRunnerWorker.java:86)
	at org.testng.TestNG.runSuitesSequentially(TestNG.java:1215)
	at org.testng.TestNG.runSuitesLocally(TestNG.java:1140)
	at org.testng.TestNG.run(TestNG.java:1048)
	at org.testng.remote.AbstractRemoteTestNG.run(AbstractRemoteTestNG.java:132)
	at org.testng.remote.RemoteTestNG.initAndRun(RemoteTestNG.java:230)
	at org.testng.remote.RemoteTestNG.main(RemoteTestNG.java:76)
</pre></div></td>
<td>0</td>
<td>Thread[Thread-3,5,main]</td></tr>
<tr>
<td title='HBTestesNG.TestCases.Test_VoiceACD_Transfer.VoiceACD_CTransfer_ToIRN_SameGroup()'><b>VoiceACD_CTransfer_ToIRN_SameGroup</b><br>Test class: HBTestesNG.TestCases.Test_VoiceACD_Transfer<br>Parameters: 10, 10, 10, 10, 10</td>
<td><div><pre>org.testng.SkipException: Defect:UCC-1642
	at HBTestesNG.BaseObjects.TestCaseObject.skipTest(TestCaseObject.java:313)
	at HBTestesNG.TestCases.Test_VoiceACD_Transfer.VoiceACD_CTransfer_ToIRN_SameGroup(Test_VoiceACD_Transfer.java:512)
... Removed 24 stack frames</pre></div><a href='#' onClick='toggleBox("stack-trace1214133948", this, "Click to show all stack frames", "Click to hide stack frames")'>Click to show all stack frames</a>
<div class='stack-trace' id='stack-trace1214133948'><pre>org.testng.SkipException: Defect:UCC-1642
	at HBTestesNG.BaseObjects.TestCaseObject.skipTest(TestCaseObject.java:313)
	at HBTestesNG.TestCases.Test_VoiceACD_Transfer.VoiceACD_CTransfer_ToIRN_SameGroup(Test_VoiceACD_Transfer.java:512)
	at sun.reflect.NativeMethodAccessorImpl.invoke0(Native Method)
	at sun.reflect.NativeMethodAccessorImpl.invoke(Unknown Source)
	at sun.reflect.DelegatingMethodAccessorImpl.invoke(Unknown Source)
	at java.lang.reflect.Method.invoke(Unknown Source)
	at org.testng.internal.MethodInvocationHelper.invokeMethod(MethodInvocationHelper.java:85)
	at org.testng.internal.Invoker.invokeMethod(Invoker.java:639)
	at org.testng.internal.Invoker.invokeTestMethod(Invoker.java:816)
	at org.testng.internal.Invoker.invokeTestMethods(Invoker.java:1124)
	at org.testng.internal.TestMethodWorker.invokeTestMethods(TestMethodWorker.java:125)
	at org.testng.internal.TestMethodWorker.run(TestMethodWorker.java:108)
	at org.testng.TestRunner.privateRun(TestRunner.java:774)
	at org.testng.TestRunner.run(TestRunner.java:624)
	at org.testng.SuiteRunner.runTest(SuiteRunner.java:359)
	at org.testng.SuiteRunner.runSequentially(SuiteRunner.java:354)
	at org.testng.SuiteRunner.privateRun(SuiteRunner.java:312)
	at org.testng.SuiteRunner.run(SuiteRunner.java:261)
	at org.testng.SuiteRunnerWorker.runSuite(SuiteRunnerWorker.java:52)
	at org.testng.SuiteRunnerWorker.run(SuiteRunnerWorker.java:86)
	at org.testng.TestNG.runSuitesSequentially(TestNG.java:1215)
	at org.testng.TestNG.runSuitesLocally(TestNG.java:1140)
	at org.testng.TestNG.run(TestNG.java:1048)
	at org.testng.remote.AbstractRemoteTestNG.run(AbstractRemoteTestNG.java:132)
	at org.testng.remote.RemoteTestNG.initAndRun(RemoteTestNG.java:230)
	at org.testng.remote.RemoteTestNG.main(RemoteTestNG.java:76)
</pre></div></td>
<td>0</td>
<td>Thread[Thread-3,5,main]</td></tr>
</table><p>
</body>
</html>