<html>
<head>
<title>TestNG:  VoiceACD Scenarios(failed)</title>
<link href="../testng.css" rel="stylesheet" type="text/css" />
<link href="../my-testng.css" rel="stylesheet" type="text/css" />

<style type="text/css">
.log { display: none;} 
.stack-trace { display: none;} 
</style>
<script type="text/javascript">
<!--
function flip(e) {
  current = e.style.display;
  if (current == 'block') {
    e.style.display = 'none';
    return 0;
  }
  else {
    e.style.display = 'block';
    return 1;
  }
}

function toggleBox(szDivId, elem, msg1, msg2)
{
  var res = -1;  if (document.getElementById) {
    res = flip(document.getElementById(szDivId));
  }
  else if (document.all) {
    // this is the way old msie versions work
    res = flip(document.all[szDivId]);
  }
  if(elem) {
    if(res == 0) elem.innerHTML = msg1; else elem.innerHTML = msg2;
  }

}

function toggleAllBoxes() {
  if (document.getElementsByTagName) {
    d = document.getElementsByTagName('div');
    for (i = 0; i < d.length; i++) {
      if (d[i].className == 'log') {
        flip(d[i]);
      }
    }
  }
}

// -->
</script>

</head>
<body>
<h2 align='center'>VoiceACD Scenarios(failed)</h2><table border='1' align="center">
<tr>
<td>Tests passed/Failed/Skipped:</td><td>1/0/22</td>
</tr><tr>
<td>Started on:</td><td>Tue Sep 19 16:01:19 PDT 2017</td>
</tr>
<tr><td>Total time:</td><td>156 seconds (156459 ms)</td>
</tr><tr>
<td>Included groups:</td><td></td>
</tr><tr>
<td>Excluded groups:</td><td></td>
</tr>
</table><p/>
<small><i>(Hover the method name to see the test class name)</i></small><p/>
<table width='100%' border='1' class='invocation-skipped'>
<tr><td colspan='4' align='center'><b>SKIPPED CONFIGURATIONS</b></td></tr>
<tr><td><b>Test method</b></td>
<td width="30%"><b>Exception</b></td>
<td width="10%"><b>Time (seconds)</b></td>
<td><b>Instance</b></td>
</tr>
<tr>
<td title='HBTestesNG.TestCases.Test_VoiceACD_Transfer.beforeClass()'><b>beforeClass</b><br>Test class: HBTestesNG.TestCases.Test_VoiceACD_Transfer</td>
<td><div><pre>org.testng.SkipException: Skipping InitializeAllVariables()
	at HBTestesNG.BaseObjects.TestCaseObject.InitializeAllVariables(TestCaseObject.java:38)
	at HBTestesNG.TestCases.Test_VoiceACD_Transfer.beforeClass(Test_VoiceACD_Transfer.java:28)
... Removed 24 stack frames</pre></div><a href='#' onClick='toggleBox("stack-trace193388045", this, "Click to show all stack frames", "Click to hide stack frames")'>Click to show all stack frames</a>
<div class='stack-trace' id='stack-trace193388045'><pre>org.testng.SkipException: Skipping InitializeAllVariables()
	at HBTestesNG.BaseObjects.TestCaseObject.InitializeAllVariables(TestCaseObject.java:38)
	at HBTestesNG.TestCases.Test_VoiceACD_Transfer.beforeClass(Test_VoiceACD_Transfer.java:28)
	at sun.reflect.NativeMethodAccessorImpl.invoke0(Native Method)
	at sun.reflect.NativeMethodAccessorImpl.invoke(Unknown Source)
	at sun.reflect.DelegatingMethodAccessorImpl.invoke(Unknown Source)
	at java.lang.reflect.Method.invoke(Unknown Source)
	at org.testng.internal.MethodInvocationHelper.invokeMethod(MethodInvocationHelper.java:85)
	at org.testng.internal.Invoker.invokeConfigurationMethod(Invoker.java:510)
	at org.testng.internal.Invoker.invokeConfigurations(Invoker.java:211)
	at org.testng.internal.Invoker.invokeConfigurations(Invoker.java:138)
	at org.testng.internal.TestMethodWorker.invokeBeforeClassMethods(TestMethodWorker.java:170)
	at org.testng.internal.TestMethodWorker.run(TestMethodWorker.java:104)
	at org.testng.TestRunner.privateRun(TestRunner.java:774)
	at org.testng.TestRunner.run(TestRunner.java:624)
	at org.testng.SuiteRunner.runTest(SuiteRunner.java:359)
	at org.testng.SuiteRunner.runSequentially(SuiteRunner.java:354)
	at org.testng.SuiteRunner.privateRun(SuiteRunner.java:312)
	at org.testng.SuiteRunner.run(SuiteRunner.java:261)
	at org.testng.SuiteRunnerWorker.runSuite(SuiteRunnerWorker.java:52)
	at org.testng.SuiteRunnerWorker.run(SuiteRunnerWorker.java:86)
	at org.testng.TestNG.runSuitesSequentially(TestNG.java:1215)
	at org.testng.TestNG.runSuitesLocally(TestNG.java:1140)
	at org.testng.TestNG.run(TestNG.java:1048)
	at org.testng.remote.AbstractRemoteTestNG.run(AbstractRemoteTestNG.java:132)
	at org.testng.remote.RemoteTestNG.initAndRun(RemoteTestNG.java:230)
	at org.testng.remote.RemoteTestNG.main(RemoteTestNG.java:76)
</pre></div></td>
<td>0</td>
<td>Thread[Thread-1,5,main]</td></tr>
<tr>
<td title='HBTestesNG.TestCases.Test_VoiceACD_Basic.beforeClass()'><b>beforeClass</b><br>Test class: HBTestesNG.TestCases.Test_VoiceACD_Basic</td>
<td><div><pre>org.testng.SkipException: Skipping InitializeAllVariables()
	at HBTestesNG.BaseObjects.TestCaseObject.InitializeAllVariables(TestCaseObject.java:38)
	at HBTestesNG.TestCases.Test_VoiceACD_Basic.beforeClass(Test_VoiceACD_Basic.java:22)
... Removed 24 stack frames</pre></div><a href='#' onClick='toggleBox("stack-trace333392524", this, "Click to show all stack frames", "Click to hide stack frames")'>Click to show all stack frames</a>
<div class='stack-trace' id='stack-trace333392524'><pre>org.testng.SkipException: Skipping InitializeAllVariables()
	at HBTestesNG.BaseObjects.TestCaseObject.InitializeAllVariables(TestCaseObject.java:38)
	at HBTestesNG.TestCases.Test_VoiceACD_Basic.beforeClass(Test_VoiceACD_Basic.java:22)
	at sun.reflect.NativeMethodAccessorImpl.invoke0(Native Method)
	at sun.reflect.NativeMethodAccessorImpl.invoke(Unknown Source)
	at sun.reflect.DelegatingMethodAccessorImpl.invoke(Unknown Source)
	at java.lang.reflect.Method.invoke(Unknown Source)
	at org.testng.internal.MethodInvocationHelper.invokeMethod(MethodInvocationHelper.java:85)
	at org.testng.internal.Invoker.invokeConfigurationMethod(Invoker.java:510)
	at org.testng.internal.Invoker.invokeConfigurations(Invoker.java:211)
	at org.testng.internal.Invoker.invokeConfigurations(Invoker.java:138)
	at org.testng.internal.TestMethodWorker.invokeBeforeClassMethods(TestMethodWorker.java:170)
	at org.testng.internal.TestMethodWorker.run(TestMethodWorker.java:104)
	at org.testng.TestRunner.privateRun(TestRunner.java:774)
	at org.testng.TestRunner.run(TestRunner.java:624)
	at org.testng.SuiteRunner.runTest(SuiteRunner.java:359)
	at org.testng.SuiteRunner.runSequentially(SuiteRunner.java:354)
	at org.testng.SuiteRunner.privateRun(SuiteRunner.java:312)
	at org.testng.SuiteRunner.run(SuiteRunner.java:261)
	at org.testng.SuiteRunnerWorker.runSuite(SuiteRunnerWorker.java:52)
	at org.testng.SuiteRunnerWorker.run(SuiteRunnerWorker.java:86)
	at org.testng.TestNG.runSuitesSequentially(TestNG.java:1215)
	at org.testng.TestNG.runSuitesLocally(TestNG.java:1140)
	at org.testng.TestNG.run(TestNG.java:1048)
	at org.testng.remote.AbstractRemoteTestNG.run(AbstractRemoteTestNG.java:132)
	at org.testng.remote.RemoteTestNG.initAndRun(RemoteTestNG.java:230)
	at org.testng.remote.RemoteTestNG.main(RemoteTestNG.java:76)
</pre></div></td>
<td>0</td>
<td>Thread[Thread-2,5,main]</td></tr>
<tr>
<td title='HBTestesNG.TestCases.Test_VoiceACD_Conference_WrapTimeZero.beforeClass()'><b>beforeClass</b><br>Test class: HBTestesNG.TestCases.Test_VoiceACD_Conference_WrapTimeZero</td>
<td><div><pre>org.testng.SkipException: Skipping InitializeAllVariables()
	at HBTestesNG.BaseObjects.TestCaseObject.InitializeAllVariables(TestCaseObject.java:38)
	at HBTestesNG.TestCases.Test_VoiceACD_Conference_WrapTimeZero.beforeClass(Test_VoiceACD_Conference_WrapTimeZero.java:24)
... Removed 24 stack frames</pre></div><a href='#' onClick='toggleBox("stack-trace2112233878", this, "Click to show all stack frames", "Click to hide stack frames")'>Click to show all stack frames</a>
<div class='stack-trace' id='stack-trace2112233878'><pre>org.testng.SkipException: Skipping InitializeAllVariables()
	at HBTestesNG.BaseObjects.TestCaseObject.InitializeAllVariables(TestCaseObject.java:38)
	at HBTestesNG.TestCases.Test_VoiceACD_Conference_WrapTimeZero.beforeClass(Test_VoiceACD_Conference_WrapTimeZero.java:24)
	at sun.reflect.NativeMethodAccessorImpl.invoke0(Native Method)
	at sun.reflect.NativeMethodAccessorImpl.invoke(Unknown Source)
	at sun.reflect.DelegatingMethodAccessorImpl.invoke(Unknown Source)
	at java.lang.reflect.Method.invoke(Unknown Source)
	at org.testng.internal.MethodInvocationHelper.invokeMethod(MethodInvocationHelper.java:85)
	at org.testng.internal.Invoker.invokeConfigurationMethod(Invoker.java:510)
	at org.testng.internal.Invoker.invokeConfigurations(Invoker.java:211)
	at org.testng.internal.Invoker.invokeConfigurations(Invoker.java:138)
	at org.testng.internal.TestMethodWorker.invokeBeforeClassMethods(TestMethodWorker.java:170)
	at org.testng.internal.TestMethodWorker.run(TestMethodWorker.java:104)
	at org.testng.TestRunner.privateRun(TestRunner.java:774)
	at org.testng.TestRunner.run(TestRunner.java:624)
	at org.testng.SuiteRunner.runTest(SuiteRunner.java:359)
	at org.testng.SuiteRunner.runSequentially(SuiteRunner.java:354)
	at org.testng.SuiteRunner.privateRun(SuiteRunner.java:312)
	at org.testng.SuiteRunner.run(SuiteRunner.java:261)
	at org.testng.SuiteRunnerWorker.runSuite(SuiteRunnerWorker.java:52)
	at org.testng.SuiteRunnerWorker.run(SuiteRunnerWorker.java:86)
	at org.testng.TestNG.runSuitesSequentially(TestNG.java:1215)
	at org.testng.TestNG.runSuitesLocally(TestNG.java:1140)
	at org.testng.TestNG.run(TestNG.java:1048)
	at org.testng.remote.AbstractRemoteTestNG.run(AbstractRemoteTestNG.java:132)
	at org.testng.remote.RemoteTestNG.initAndRun(RemoteTestNG.java:230)
	at org.testng.remote.RemoteTestNG.main(RemoteTestNG.java:76)
</pre></div></td>
<td>0</td>
<td>Thread[Thread-3,5,main]</td></tr>
<tr>
<td title='HBTestesNG.TestCases.Test_VoiceACD_Transfer_WrapTimeZero.beforeClass()'><b>beforeClass</b><br>Test class: HBTestesNG.TestCases.Test_VoiceACD_Transfer_WrapTimeZero</td>
<td><div><pre>org.testng.SkipException: Skipping InitializeAllVariables()
	at HBTestesNG.BaseObjects.TestCaseObject.InitializeAllVariables(TestCaseObject.java:38)
	at HBTestesNG.TestCases.Test_VoiceACD_Transfer_WrapTimeZero.beforeClass(Test_VoiceACD_Transfer_WrapTimeZero.java:20)
... Removed 24 stack frames</pre></div><a href='#' onClick='toggleBox("stack-trace1822525972", this, "Click to show all stack frames", "Click to hide stack frames")'>Click to show all stack frames</a>
<div class='stack-trace' id='stack-trace1822525972'><pre>org.testng.SkipException: Skipping InitializeAllVariables()
	at HBTestesNG.BaseObjects.TestCaseObject.InitializeAllVariables(TestCaseObject.java:38)
	at HBTestesNG.TestCases.Test_VoiceACD_Transfer_WrapTimeZero.beforeClass(Test_VoiceACD_Transfer_WrapTimeZero.java:20)
	at sun.reflect.NativeMethodAccessorImpl.invoke0(Native Method)
	at sun.reflect.NativeMethodAccessorImpl.invoke(Unknown Source)
	at sun.reflect.DelegatingMethodAccessorImpl.invoke(Unknown Source)
	at java.lang.reflect.Method.invoke(Unknown Source)
	at org.testng.internal.MethodInvocationHelper.invokeMethod(MethodInvocationHelper.java:85)
	at org.testng.internal.Invoker.invokeConfigurationMethod(Invoker.java:510)
	at org.testng.internal.Invoker.invokeConfigurations(Invoker.java:211)
	at org.testng.internal.Invoker.invokeConfigurations(Invoker.java:138)
	at org.testng.internal.TestMethodWorker.invokeBeforeClassMethods(TestMethodWorker.java:170)
	at org.testng.internal.TestMethodWorker.run(TestMethodWorker.java:104)
	at org.testng.TestRunner.privateRun(TestRunner.java:774)
	at org.testng.TestRunner.run(TestRunner.java:624)
	at org.testng.SuiteRunner.runTest(SuiteRunner.java:359)
	at org.testng.SuiteRunner.runSequentially(SuiteRunner.java:354)
	at org.testng.SuiteRunner.privateRun(SuiteRunner.java:312)
	at org.testng.SuiteRunner.run(SuiteRunner.java:261)
	at org.testng.SuiteRunnerWorker.runSuite(SuiteRunnerWorker.java:52)
	at org.testng.SuiteRunnerWorker.run(SuiteRunnerWorker.java:86)
	at org.testng.TestNG.runSuitesSequentially(TestNG.java:1215)
	at org.testng.TestNG.runSuitesLocally(TestNG.java:1140)
	at org.testng.TestNG.run(TestNG.java:1048)
	at org.testng.remote.AbstractRemoteTestNG.run(AbstractRemoteTestNG.java:132)
	at org.testng.remote.RemoteTestNG.initAndRun(RemoteTestNG.java:230)
	at org.testng.remote.RemoteTestNG.main(RemoteTestNG.java:76)
</pre></div></td>
<td>0</td>
<td>Thread[Thread-4,5,main]</td></tr>
<tr>
<td title='HBTestesNG.TestCases.Test_VoiceACD_Transfer.afterClass()'><b>afterClass</b><br>Test class: HBTestesNG.TestCases.Test_VoiceACD_Transfer</td>
<td></td>
<td>0</td>
<td>Thread[Thread-1,5,main]</td></tr>
<tr>
<td title='HBTestesNG.TestCases.Test_VoiceACD_Basic.afterClass()'><b>afterClass</b><br>Test class: HBTestesNG.TestCases.Test_VoiceACD_Basic</td>
<td></td>
<td>0</td>
<td>Thread[Thread-2,5,main]</td></tr>
<tr>
<td title='HBTestesNG.TestCases.Test_VoiceACD_Conference_WrapTimeZero.afterClass()'><b>afterClass</b><br>Test class: HBTestesNG.TestCases.Test_VoiceACD_Conference_WrapTimeZero</td>
<td></td>
<td>0</td>
<td>Thread[Thread-3,5,main]</td></tr>
<tr>
<td title='HBTestesNG.TestCases.Test_VoiceACD_Transfer_WrapTimeZero.afterClass()'><b>afterClass</b><br>Test class: HBTestesNG.TestCases.Test_VoiceACD_Transfer_WrapTimeZero</td>
<td></td>
<td>0</td>
<td>Thread[Thread-4,5,main]</td></tr>
</table><p>
<table width='100%' border='1' class='invocation-passed'>
<tr><td colspan='4' align='center'><b>PASSED TESTS</b></td></tr>
<tr><td><b>Test method</b></td>
<td width="30%"><b>Exception</b></td>
<td width="10%"><b>Time (seconds)</b></td>
<td><b>Instance</b></td>
</tr>
<tr>
<td title='HBTestesNG.TestCases.Test_VoiceACD_Conference.VoiceACD_CConference_ToExt_SameGroup_byName()'><b>VoiceACD_CConference_ToExt_SameGroup_byName</b><br>Test class: HBTestesNG.TestCases.Test_VoiceACD_Conference<br>Parameters: 10, 10, 10, 10, 10</td>
<td></td>
<td>156</td>
<td>Thread[Thread-0,5,main]</td></tr>
</table><p>
<table width='100%' border='1' class='invocation-skipped'>
<tr><td colspan='4' align='center'><b>SKIPPED TESTS</b></td></tr>
<tr><td><b>Test method</b></td>
<td width="30%"><b>Exception</b></td>
<td width="10%"><b>Time (seconds)</b></td>
<td><b>Instance</b></td>
</tr>
<tr>
<td title='HBTestesNG.TestCases.Test_VoiceACD_Transfer_WrapTimeZero.VoiceACD_BTransfer_ToExt_DifferentGroup()'><b>VoiceACD_BTransfer_ToExt_DifferentGroup</b><br>Test class: HBTestesNG.TestCases.Test_VoiceACD_Transfer_WrapTimeZero<br>Parameters: 10, 10, 10, 10</td>
<td></td>
<td>0</td>
<td>Thread[Thread-4,5,main]</td></tr>
<tr>
<td title='HBTestesNG.TestCases.Test_VoiceACD_Transfer_WrapTimeZero.VoiceACD_BTransfer_ToExt_SameGroup()'><b>VoiceACD_BTransfer_ToExt_SameGroup</b><br>Test class: HBTestesNG.TestCases.Test_VoiceACD_Transfer_WrapTimeZero<br>Parameters: 10, 10, 10, 10, 10</td>
<td></td>
<td>0</td>
<td>Thread[Thread-4,5,main]</td></tr>
<tr>
<td title='HBTestesNG.TestCases.Test_VoiceACD_Transfer_WrapTimeZero.VoiceACD_BTransfer_ToExternal()'><b>VoiceACD_BTransfer_ToExternal</b><br>Test class: HBTestesNG.TestCases.Test_VoiceACD_Transfer_WrapTimeZero<br>Parameters: 10, 10, 10, 10</td>
<td></td>
<td>0</td>
<td>Thread[Thread-4,5,main]</td></tr>
<tr>
<td title='HBTestesNG.TestCases.Test_VoiceACD_Transfer.VoiceACD_BTransfer_ToIRN_AQ()'><b>VoiceACD_BTransfer_ToIRN_AQ</b><br>Test class: HBTestesNG.TestCases.Test_VoiceACD_Transfer<br>Parameters: 10, 10, 10, 10, 10</td>
<td></td>
<td>0</td>
<td>Thread[Thread-1,5,main]</td></tr>
<tr>
<td title='HBTestesNG.TestCases.Test_VoiceACD_Transfer_WrapTimeZero.VoiceACD_BTransfer_ToIRN_DifferentGroup()'><b>VoiceACD_BTransfer_ToIRN_DifferentGroup</b><br>Test class: HBTestesNG.TestCases.Test_VoiceACD_Transfer_WrapTimeZero<br>Parameters: 10, 10, 10, 10, 10</td>
<td></td>
<td>0</td>
<td>Thread[Thread-4,5,main]</td></tr>
<tr>
<td title='HBTestesNG.TestCases.Test_VoiceACD_Transfer_WrapTimeZero.VoiceACD_BTransfer_ToIRN_SameGroup()'><b>VoiceACD_BTransfer_ToIRN_SameGroup</b><br>Test class: HBTestesNG.TestCases.Test_VoiceACD_Transfer_WrapTimeZero<br>Parameters: 10, 10, 10, 10, 10</td>
<td></td>
<td>0</td>
<td>Thread[Thread-4,5,main]</td></tr>
<tr>
<td title='HBTestesNG.TestCases.Test_VoiceACD_Conference.VoiceACD_CConference_All()'><b>VoiceACD_CConference_All</b><br>Test class: HBTestesNG.TestCases.Test_VoiceACD_Conference<br>Parameters: 10, 10, 10, 10, 10</td>
<td><div><pre>org.testng.SkipException: Skipping because this is loop test: no fit for functional test
	at HBTestesNG.BaseObjects.TestCaseObject.skipTest(TestCaseObject.java:328)
	at HBTestesNG.TestCases.Test_VoiceACD_Conference.VoiceACD_CConference_All(Test_VoiceACD_Conference.java:304)
... Removed 24 stack frames</pre></div><a href='#' onClick='toggleBox("stack-trace485845532", this, "Click to show all stack frames", "Click to hide stack frames")'>Click to show all stack frames</a>
<div class='stack-trace' id='stack-trace485845532'><pre>org.testng.SkipException: Skipping because this is loop test: no fit for functional test
	at HBTestesNG.BaseObjects.TestCaseObject.skipTest(TestCaseObject.java:328)
	at HBTestesNG.TestCases.Test_VoiceACD_Conference.VoiceACD_CConference_All(Test_VoiceACD_Conference.java:304)
	at sun.reflect.NativeMethodAccessorImpl.invoke0(Native Method)
	at sun.reflect.NativeMethodAccessorImpl.invoke(Unknown Source)
	at sun.reflect.DelegatingMethodAccessorImpl.invoke(Unknown Source)
	at java.lang.reflect.Method.invoke(Unknown Source)
	at org.testng.internal.MethodInvocationHelper.invokeMethod(MethodInvocationHelper.java:85)
	at org.testng.internal.Invoker.invokeMethod(Invoker.java:639)
	at org.testng.internal.Invoker.invokeTestMethod(Invoker.java:816)
	at org.testng.internal.Invoker.invokeTestMethods(Invoker.java:1124)
	at org.testng.internal.TestMethodWorker.invokeTestMethods(TestMethodWorker.java:125)
	at org.testng.internal.TestMethodWorker.run(TestMethodWorker.java:108)
	at org.testng.TestRunner.privateRun(TestRunner.java:774)
	at org.testng.TestRunner.run(TestRunner.java:624)
	at org.testng.SuiteRunner.runTest(SuiteRunner.java:359)
	at org.testng.SuiteRunner.runSequentially(SuiteRunner.java:354)
	at org.testng.SuiteRunner.privateRun(SuiteRunner.java:312)
	at org.testng.SuiteRunner.run(SuiteRunner.java:261)
	at org.testng.SuiteRunnerWorker.runSuite(SuiteRunnerWorker.java:52)
	at org.testng.SuiteRunnerWorker.run(SuiteRunnerWorker.java:86)
	at org.testng.TestNG.runSuitesSequentially(TestNG.java:1215)
	at org.testng.TestNG.runSuitesLocally(TestNG.java:1140)
	at org.testng.TestNG.run(TestNG.java:1048)
	at org.testng.remote.AbstractRemoteTestNG.run(AbstractRemoteTestNG.java:132)
	at org.testng.remote.RemoteTestNG.initAndRun(RemoteTestNG.java:230)
	at org.testng.remote.RemoteTestNG.main(RemoteTestNG.java:76)
</pre></div></td>
<td>0</td>
<td>Thread[Thread-0,5,main]</td></tr>
<tr>
<td title='HBTestesNG.TestCases.Test_VoiceACD_Conference_WrapTimeZero.VoiceACD_CConference_ToExt_DifferentGroup()'><b>VoiceACD_CConference_ToExt_DifferentGroup</b><br>Test class: HBTestesNG.TestCases.Test_VoiceACD_Conference_WrapTimeZero<br>Parameters: 10, 10, 10, 10</td>
<td></td>
<td>0</td>
<td>Thread[Thread-3,5,main]</td></tr>
<tr>
<td title='HBTestesNG.TestCases.Test_VoiceACD_Conference_WrapTimeZero.VoiceACD_CConference_ToExt_SameGroup()'><b>VoiceACD_CConference_ToExt_SameGroup</b><br>Test class: HBTestesNG.TestCases.Test_VoiceACD_Conference_WrapTimeZero<br>Parameters: 10, 10, 10, 10, 10</td>
<td></td>
<td>0</td>
<td>Thread[Thread-3,5,main]</td></tr>
<tr>
<td title='HBTestesNG.TestCases.Test_VoiceACD_Conference_WrapTimeZero.VoiceACD_CConference_ToExternal()'><b>VoiceACD_CConference_ToExternal</b><br>Test class: HBTestesNG.TestCases.Test_VoiceACD_Conference_WrapTimeZero<br>Parameters: 10, 10, 10, 10</td>
<td></td>
<td>0</td>
<td>Thread[Thread-3,5,main]</td></tr>
<tr>
<td title='HBTestesNG.TestCases.Test_VoiceACD_Conference_WrapTimeZero.VoiceACD_CConference_ToIRN_DifferentGroup()'><b>VoiceACD_CConference_ToIRN_DifferentGroup</b><br>Test class: HBTestesNG.TestCases.Test_VoiceACD_Conference_WrapTimeZero<br>Parameters: 10, 10, 10, 10, 10</td>
<td></td>
<td>0</td>
<td>Thread[Thread-3,5,main]</td></tr>
<tr>
<td title='HBTestesNG.TestCases.Test_VoiceACD_Conference_WrapTimeZero.VoiceACD_CConference_ToIRN_SameGroup()'><b>VoiceACD_CConference_ToIRN_SameGroup</b><br>Test class: HBTestesNG.TestCases.Test_VoiceACD_Conference_WrapTimeZero<br>Parameters: 10, 10, 10, 10, 10</td>
<td></td>
<td>0</td>
<td>Thread[Thread-3,5,main]</td></tr>
<tr>
<td title='HBTestesNG.TestCases.Test_VoiceACD_Transfer_WrapTimeZero.VoiceACD_CTransfer_ToExt_DifferentGroup()'><b>VoiceACD_CTransfer_ToExt_DifferentGroup</b><br>Test class: HBTestesNG.TestCases.Test_VoiceACD_Transfer_WrapTimeZero<br>Parameters: 10, 10, 10, 10</td>
<td></td>
<td>0</td>
<td>Thread[Thread-4,5,main]</td></tr>
<tr>
<td title='HBTestesNG.TestCases.Test_VoiceACD_Transfer.VoiceACD_CTransfer_ToExt_SameGroup()'><b>VoiceACD_CTransfer_ToExt_SameGroup</b><br>Test class: HBTestesNG.TestCases.Test_VoiceACD_Transfer<br>Parameters: 10, 10, 10, 10, 10</td>
<td></td>
<td>0</td>
<td>Thread[Thread-1,5,main]</td></tr>
<tr>
<td title='HBTestesNG.TestCases.Test_VoiceACD_Transfer_WrapTimeZero.VoiceACD_CTransfer_ToExt_SameGroup()'><b>VoiceACD_CTransfer_ToExt_SameGroup</b><br>Test class: HBTestesNG.TestCases.Test_VoiceACD_Transfer_WrapTimeZero<br>Parameters: 10, 10, 10, 10, 10</td>
<td></td>
<td>0</td>
<td>Thread[Thread-4,5,main]</td></tr>
<tr>
<td title='HBTestesNG.TestCases.Test_VoiceACD_Transfer.VoiceACD_CTransfer_ToExt_SameGroup_byName()'><b>VoiceACD_CTransfer_ToExt_SameGroup_byName</b><br>Test class: HBTestesNG.TestCases.Test_VoiceACD_Transfer<br>Parameters: 10, 10, 10, 10, 10</td>
<td></td>
<td>0</td>
<td>Thread[Thread-1,5,main]</td></tr>
<tr>
<td title='HBTestesNG.TestCases.Test_VoiceACD_Transfer_WrapTimeZero.VoiceACD_CTransfer_ToExternal()'><b>VoiceACD_CTransfer_ToExternal</b><br>Test class: HBTestesNG.TestCases.Test_VoiceACD_Transfer_WrapTimeZero<br>Parameters: 10, 10, 10, 10</td>
<td></td>
<td>0</td>
<td>Thread[Thread-4,5,main]</td></tr>
<tr>
<td title='HBTestesNG.TestCases.Test_VoiceACD_Transfer.VoiceACD_CTransfer_ToIRN_DifferentGroup()'><b>VoiceACD_CTransfer_ToIRN_DifferentGroup</b><br>Test class: HBTestesNG.TestCases.Test_VoiceACD_Transfer<br>Parameters: 10, 10, 10, 10, 10</td>
<td></td>
<td>0</td>
<td>Thread[Thread-1,5,main]</td></tr>
<tr>
<td title='HBTestesNG.TestCases.Test_VoiceACD_Transfer_WrapTimeZero.VoiceACD_CTransfer_ToIRN_DifferentGroup()'><b>VoiceACD_CTransfer_ToIRN_DifferentGroup</b><br>Test class: HBTestesNG.TestCases.Test_VoiceACD_Transfer_WrapTimeZero<br>Parameters: 10, 10, 10, 10, 10</td>
<td></td>
<td>0</td>
<td>Thread[Thread-4,5,main]</td></tr>
<tr>
<td title='HBTestesNG.TestCases.Test_VoiceACD_Transfer.VoiceACD_CTransfer_ToIRN_SameGroup()'><b>VoiceACD_CTransfer_ToIRN_SameGroup</b><br>Test class: HBTestesNG.TestCases.Test_VoiceACD_Transfer<br>Parameters: 10, 10, 10, 10, 10</td>
<td></td>
<td>0</td>
<td>Thread[Thread-1,5,main]</td></tr>
<tr>
<td title='HBTestesNG.TestCases.Test_VoiceACD_Transfer_WrapTimeZero.VoiceACD_CTransfer_ToIRN_SameGroup()'><b>VoiceACD_CTransfer_ToIRN_SameGroup</b><br>Test class: HBTestesNG.TestCases.Test_VoiceACD_Transfer_WrapTimeZero<br>Parameters: 10, 10, 10, 10, 10</td>
<td></td>
<td>0</td>
<td>Thread[Thread-4,5,main]</td></tr>
<tr>
<td title='HBTestesNG.TestCases.Test_VoiceACD_Basic.VoiceACD_NoQ_Answer()'><b>VoiceACD_NoQ_Answer</b><br>Test class: HBTestesNG.TestCases.Test_VoiceACD_Basic<br>Parameters: 10, 10, 10</td>
<td></td>
<td>0</td>
<td>Thread[Thread-2,5,main]</td></tr>
</table><p>
</body>
</html>